<?xml version="1.0" encoding="UTF-8"?>
<coverage generated="1613334095245" clover="3.2.0">
  <project timestamp="1613334095245" name="All files">
    <metrics statements="118" coveredstatements="114" conditionals="2" coveredconditionals="2" methods="54" coveredmethods="50" elements="174" coveredelements="166" complexity="0" loc="118" ncloc="118" packages="1" files="1" classes="1"/>
    <file name="calculator.js" path="/Users/exh4656/projects/real-estate-analyser/src/calculator.js">
      <metrics statements="118" coveredstatements="114" conditionals="2" coveredconditionals="2" methods="54" coveredmethods="50"/>
      <line num="1" count="1" type="stmt"/>
      <line num="4" count="652320" type="stmt"/>
      <line num="5" count="652320" type="stmt"/>
      <line num="6" count="652320" type="stmt"/>
      <line num="7" count="652320" type="stmt"/>
      <line num="8" count="652320" type="stmt"/>
      <line num="9" count="652320" type="stmt"/>
      <line num="16" count="3" type="stmt"/>
      <line num="17" count="3" type="stmt"/>
      <line num="18" count="3" type="stmt"/>
      <line num="19" count="3" type="stmt"/>
      <line num="21" count="3" type="stmt"/>
      <line num="22" count="3" type="stmt"/>
      <line num="23" count="3" type="stmt"/>
      <line num="24" count="3" type="stmt"/>
      <line num="27" count="3" type="stmt"/>
      <line num="28" count="3" type="stmt"/>
      <line num="29" count="3" type="stmt"/>
      <line num="30" count="3" type="stmt"/>
      <line num="32" count="2" type="stmt"/>
      <line num="33" count="2" type="stmt"/>
      <line num="34" count="7269" type="stmt"/>
      <line num="35" count="4" type="stmt"/>
      <line num="40" count="3" type="stmt"/>
      <line num="41" count="3" type="stmt"/>
      <line num="43" count="3" type="stmt"/>
      <line num="45" count="3" type="stmt"/>
      <line num="46" count="3" type="stmt"/>
      <line num="48" count="3630" type="stmt"/>
      <line num="49" count="3630" type="stmt"/>
      <line num="50" count="0" type="stmt"/>
      <line num="51" count="0" type="stmt"/>
      <line num="53" count="3" type="stmt"/>
      <line num="54" count="3" type="stmt"/>
      <line num="55" count="0" type="stmt"/>
      <line num="56" count="0" type="stmt"/>
      <line num="61" count="2" type="stmt"/>
      <line num="62" count="2" type="stmt"/>
      <line num="63" count="2" type="stmt"/>
      <line num="64" count="2" type="stmt"/>
      <line num="65" count="2" type="stmt"/>
      <line num="67" count="2" type="stmt"/>
      <line num="68" count="2" type="stmt"/>
      <line num="69" count="2" type="stmt"/>
      <line num="70" count="2" type="stmt"/>
      <line num="71" count="2" type="stmt"/>
      <line num="73" count="3637" type="stmt"/>
      <line num="74" count="4" type="stmt"/>
      <line num="75" count="5" type="stmt"/>
      <line num="76" count="4" type="stmt"/>
      <line num="77" count="5" type="stmt"/>
      <line num="79" count="2" type="stmt"/>
      <line num="80" count="2" type="stmt"/>
      <line num="81" count="2" type="stmt"/>
      <line num="82" count="2" type="stmt"/>
      <line num="83" count="2" type="stmt"/>
      <line num="90" count="2" type="stmt"/>
      <line num="91" count="2" type="stmt"/>
      <line num="92" count="2" type="stmt"/>
      <line num="95" count="7271" type="stmt"/>
      <line num="96" count="7258" type="stmt"/>
      <line num="97" count="3651" type="stmt"/>
      <line num="100" count="1" type="stmt"/>
      <line num="101" count="1" type="stmt"/>
      <line num="102" count="1" type="stmt"/>
      <line num="105" count="3628" type="stmt"/>
      <line num="106" count="3628" type="stmt"/>
      <line num="108" count="1815" type="stmt"/>
      <line num="109" count="1815" type="stmt"/>
      <line num="110" count="1815" type="stmt"/>
      <line num="111" count="1815" type="stmt"/>
      <line num="115" count="1812" type="stmt"/>
      <line num="116" count="1812" type="stmt"/>
      <line num="117" count="1812" type="stmt"/>
      <line num="118" count="1812" type="stmt"/>
      <line num="119" count="1812" type="stmt"/>
      <line num="120" count="1812" type="stmt"/>
      <line num="121" count="1812" type="stmt"/>
      <line num="122" count="652320" type="stmt"/>
      <line num="123" count="652320" type="stmt"/>
      <line num="124" count="652320" type="stmt"/>
      <line num="125" count="652320" type="stmt"/>
      <line num="126" count="652320" type="stmt"/>
      <line num="127" count="652320" type="stmt"/>
      <line num="131" count="1812" type="stmt"/>
      <line num="136" count="3636" type="stmt"/>
      <line num="138" count="3631" type="stmt"/>
      <line num="140" count="3" type="stmt"/>
      <line num="143" count="2" type="stmt"/>
      <line num="146" count="4" type="stmt"/>
      <line num="148" count="3" type="stmt"/>
      <line num="150" count="3" type="stmt"/>
      <line num="152" count="2" type="stmt"/>
      <line num="154" count="1" type="stmt"/>
      <line num="161" count="1800" type="stmt"/>
      <line num="162" count="5" type="stmt"/>
      <line num="163" count="5" type="stmt"/>
      <line num="164" count="5" type="stmt"/>
      <line num="165" count="5" type="stmt"/>
      <line num="166" count="1800" type="stmt"/>
      <line num="167" count="1800" type="stmt"/>
      <line num="168" count="1800" type="cond" truecount="2" falsecount="0"/>
      <line num="169" count="150" type="stmt"/>
      <line num="170" count="150" type="stmt"/>
      <line num="171" count="150" type="stmt"/>
      <line num="174" count="5" type="stmt"/>
      <line num="184" count="2" type="stmt"/>
      <line num="185" count="2" type="stmt"/>
      <line num="186" count="2" type="stmt"/>
      <line num="187" count="2" type="stmt"/>
      <line num="188" count="60" type="stmt"/>
      <line num="189" count="930" type="stmt"/>
      <line num="190" count="60" type="stmt"/>
      <line num="192" count="2" type="stmt"/>
      <line num="202" count="1" type="stmt"/>
      <line num="203" count="1" type="stmt"/>
      <line num="204" count="1" type="stmt"/>
      <line num="205" count="1" type="stmt"/>
    </file>
  </project>
</coverage>
