<?xml version="1.0" encoding="UTF-8"?>
<coverage generated="1613255103637" clover="3.2.0">
  <project timestamp="1613255103637" name="All files">
    <metrics statements="122" coveredstatements="118" conditionals="2" coveredconditionals="2" methods="56" coveredmethods="52" elements="180" coveredelements="172" complexity="0" loc="122" ncloc="122" packages="1" files="1" classes="1"/>
    <file name="calculator.js" path="/Users/exh4656/projects/real-estate-analyser/src/calculator.js">
      <metrics statements="122" coveredstatements="118" conditionals="2" coveredconditionals="2" methods="56" coveredmethods="52"/>
      <line num="1" count="1" type="stmt"/>
      <line num="4" count="652320" type="stmt"/>
      <line num="5" count="652320" type="stmt"/>
      <line num="6" count="652320" type="stmt"/>
      <line num="7" count="652320" type="stmt"/>
      <line num="8" count="652320" type="stmt"/>
      <line num="9" count="652320" type="stmt"/>
      <line num="16" count="3" type="stmt"/>
      <line num="17" count="3" type="stmt"/>
      <line num="18" count="3" type="stmt"/>
      <line num="19" count="3" type="stmt"/>
      <line num="21" count="3" type="stmt"/>
      <line num="22" count="3" type="stmt"/>
      <line num="23" count="3" type="stmt"/>
      <line num="24" count="3" type="stmt"/>
      <line num="27" count="3" type="stmt"/>
      <line num="28" count="3" type="stmt"/>
      <line num="29" count="3" type="stmt"/>
      <line num="30" count="3" type="stmt"/>
      <line num="32" count="2" type="stmt"/>
      <line num="33" count="2" type="stmt"/>
      <line num="34" count="15" type="stmt"/>
      <line num="35" count="4" type="stmt"/>
      <line num="40" count="3" type="stmt"/>
      <line num="41" count="3" type="stmt"/>
      <line num="42" count="3" type="stmt"/>
      <line num="44" count="3" type="stmt"/>
      <line num="46" count="3" type="stmt"/>
      <line num="47" count="3" type="stmt"/>
      <line num="48" count="3" type="stmt"/>
      <line num="50" count="2" type="stmt"/>
      <line num="51" count="2" type="stmt"/>
      <line num="52" count="2" type="stmt"/>
      <line num="53" count="0" type="stmt"/>
      <line num="54" count="0" type="stmt"/>
      <line num="56" count="3" type="stmt"/>
      <line num="57" count="3" type="stmt"/>
      <line num="58" count="3" type="stmt"/>
      <line num="59" count="0" type="stmt"/>
      <line num="60" count="0" type="stmt"/>
      <line num="63" count="3628" type="stmt"/>
      <line num="64" count="3628" type="stmt"/>
      <line num="66" count="1815" type="stmt"/>
      <line num="67" count="1815" type="stmt"/>
      <line num="68" count="1815" type="stmt"/>
      <line num="69" count="1815" type="stmt"/>
      <line num="73" count="1812" type="stmt"/>
      <line num="74" count="1812" type="stmt"/>
      <line num="75" count="1812" type="stmt"/>
      <line num="76" count="1812" type="stmt"/>
      <line num="77" count="1812" type="stmt"/>
      <line num="78" count="1812" type="stmt"/>
      <line num="79" count="1812" type="stmt"/>
      <line num="80" count="652320" type="stmt"/>
      <line num="81" count="652320" type="stmt"/>
      <line num="82" count="652320" type="stmt"/>
      <line num="83" count="652320" type="stmt"/>
      <line num="84" count="652320" type="stmt"/>
      <line num="85" count="652320" type="stmt"/>
      <line num="89" count="1812" type="stmt"/>
      <line num="96" count="2" type="stmt"/>
      <line num="97" count="2" type="stmt"/>
      <line num="98" count="2" type="stmt"/>
      <line num="99" count="2" type="stmt"/>
      <line num="100" count="2" type="stmt"/>
      <line num="102" count="2" type="stmt"/>
      <line num="103" count="2" type="stmt"/>
      <line num="104" count="2" type="stmt"/>
      <line num="105" count="2" type="stmt"/>
      <line num="106" count="2" type="stmt"/>
      <line num="108" count="10" type="stmt"/>
      <line num="109" count="4" type="stmt"/>
      <line num="110" count="5" type="stmt"/>
      <line num="111" count="4" type="stmt"/>
      <line num="112" count="5" type="stmt"/>
      <line num="114" count="2" type="stmt"/>
      <line num="115" count="2" type="stmt"/>
      <line num="116" count="2" type="stmt"/>
      <line num="117" count="2" type="stmt"/>
      <line num="118" count="2" type="stmt"/>
      <line num="125" count="2" type="stmt"/>
      <line num="126" count="2" type="stmt"/>
      <line num="127" count="2" type="stmt"/>
      <line num="130" count="17" type="stmt"/>
      <line num="131" count="1815" type="stmt"/>
      <line num="132" count="24" type="stmt"/>
      <line num="135" count="1" type="stmt"/>
      <line num="136" count="1" type="stmt"/>
      <line num="137" count="1" type="stmt"/>
      <line num="141" count="9" type="stmt"/>
      <line num="143" count="4" type="stmt"/>
      <line num="145" count="3" type="stmt"/>
      <line num="148" count="2" type="stmt"/>
      <line num="151" count="4" type="stmt"/>
      <line num="153" count="3" type="stmt"/>
      <line num="155" count="3" type="stmt"/>
      <line num="157" count="2" type="stmt"/>
      <line num="159" count="1" type="stmt"/>
      <line num="166" count="1800" type="stmt"/>
      <line num="167" count="5" type="stmt"/>
      <line num="168" count="5" type="stmt"/>
      <line num="169" count="5" type="stmt"/>
      <line num="170" count="5" type="stmt"/>
      <line num="171" count="1800" type="stmt"/>
      <line num="172" count="1800" type="stmt"/>
      <line num="173" count="1800" type="cond" truecount="2" falsecount="0"/>
      <line num="174" count="150" type="stmt"/>
      <line num="175" count="150" type="stmt"/>
      <line num="176" count="150" type="stmt"/>
      <line num="179" count="5" type="stmt"/>
      <line num="189" count="2" type="stmt"/>
      <line num="190" count="2" type="stmt"/>
      <line num="191" count="2" type="stmt"/>
      <line num="192" count="2" type="stmt"/>
      <line num="193" count="60" type="stmt"/>
      <line num="194" count="930" type="stmt"/>
      <line num="195" count="60" type="stmt"/>
      <line num="197" count="2" type="stmt"/>
      <line num="207" count="1" type="stmt"/>
      <line num="208" count="1" type="stmt"/>
      <line num="209" count="1" type="stmt"/>
      <line num="210" count="1" type="stmt"/>
    </file>
  </project>
</coverage>
