{"/Users/exh4656/projects/real-estate-analyser/src/calculator.js": {"path":"/Users/exh4656/projects/real-estate-analyser/src/calculator.js","statementMap":{"0":{"start":{"line":1,"column":13},"end":{"line":1,"column":30}},"1":{"start":{"line":4,"column":8},"end":{"line":4,"column":23}},"2":{"start":{"line":5,"column":8},"end":{"line":5,"column":25}},"3":{"start":{"line":6,"column":8},"end":{"line":6,"column":29}},"4":{"start":{"line":7,"column":8},"end":{"line":7,"column":27}},"5":{"start":{"line":8,"column":8},"end":{"line":8,"column":25}},"6":{"start":{"line":9,"column":8},"end":{"line":9,"column":32}},"7":{"start":{"line":16,"column":8},"end":{"line":16,"column":18}},"8":{"start":{"line":17,"column":8},"end":{"line":17,"column":22}},"9":{"start":{"line":18,"column":8},"end":{"line":18,"column":19}},"10":{"start":{"line":19,"column":8},"end":{"line":19,"column":33}},"11":{"start":{"line":21,"column":8},"end":{"line":21,"column":24}},"12":{"start":{"line":22,"column":8},"end":{"line":22,"column":28}},"13":{"start":{"line":23,"column":8},"end":{"line":23,"column":25}},"14":{"start":{"line":24,"column":8},"end":{"line":24,"column":40}},"15":{"start":{"line":27,"column":21},"end":{"line":27,"column":38}},"16":{"start":{"line":28,"column":25},"end":{"line":28,"column":58}},"17":{"start":{"line":29,"column":22},"end":{"line":29,"column":52}},"18":{"start":{"line":30,"column":36},"end":{"line":30,"column":80}},"19":{"start":{"line":32,"column":16},"end":{"line":32,"column":32}},"20":{"start":{"line":33,"column":20},"end":{"line":33,"column":40}},"21":{"start":{"line":34,"column":17},"end":{"line":34,"column":34}},"22":{"start":{"line":35,"column":31},"end":{"line":35,"column":62}},"23":{"start":{"line":40,"column":8},"end":{"line":40,"column":31}},"24":{"start":{"line":41,"column":8},"end":{"line":41,"column":27}},"25":{"start":{"line":42,"column":8},"end":{"line":42,"column":26}},"26":{"start":{"line":44,"column":8},"end":{"line":44,"column":27}},"27":{"start":{"line":46,"column":8},"end":{"line":46,"column":36}},"28":{"start":{"line":47,"column":8},"end":{"line":47,"column":32}},"29":{"start":{"line":48,"column":8},"end":{"line":48,"column":30}},"30":{"start":{"line":50,"column":28},"end":{"line":50,"column":57}},"31":{"start":{"line":51,"column":24},"end":{"line":51,"column":49}},"32":{"start":{"line":52,"column":23},"end":{"line":52,"column":47}},"33":{"start":{"line":53,"column":24},"end":{"line":53,"column":49}},"34":{"start":{"line":54,"column":28},"end":{"line":54,"column":57}},"35":{"start":{"line":56,"column":33},"end":{"line":56,"column":75}},"36":{"start":{"line":57,"column":29},"end":{"line":57,"column":73}},"37":{"start":{"line":58,"column":28},"end":{"line":58,"column":63}},"38":{"start":{"line":59,"column":29},"end":{"line":59,"column":63}},"39":{"start":{"line":60,"column":33},"end":{"line":60,"column":63}},"40":{"start":{"line":63,"column":33},"end":{"line":63,"column":63}},"41":{"start":{"line":64,"column":25},"end":{"line":64,"column":56}},"42":{"start":{"line":66,"column":16},"end":{"line":66,"column":39}},"43":{"start":{"line":67,"column":16},"end":{"line":67,"column":47}},"44":{"start":{"line":68,"column":18},"end":{"line":68,"column":36}},"45":{"start":{"line":69,"column":8},"end":{"line":69,"column":62}},"46":{"start":{"line":73,"column":31},"end":{"line":73,"column":62}},"47":{"start":{"line":74,"column":37},"end":{"line":74,"column":69}},"48":{"start":{"line":75,"column":28},"end":{"line":75,"column":51}},"49":{"start":{"line":76,"column":23},"end":{"line":76,"column":25}},"50":{"start":{"line":77,"column":22},"end":{"line":77,"column":44}},"51":{"start":{"line":78,"column":28},"end":{"line":78,"column":29}},"52":{"start":{"line":79,"column":8},"end":{"line":87,"column":9}},"53":{"start":{"line":79,"column":21},"end":{"line":79,"column":22}},"54":{"start":{"line":80,"column":27},"end":{"line":80,"column":50}},"55":{"start":{"line":81,"column":28},"end":{"line":81,"column":61}},"56":{"start":{"line":82,"column":12},"end":{"line":82,"column":42}},"57":{"start":{"line":83,"column":12},"end":{"line":83,"column":53}},"58":{"start":{"line":84,"column":22},"end":{"line":84,"column":164}},"59":{"start":{"line":85,"column":12},"end":{"line":85,"column":31}},"60":{"start":{"line":89,"column":8},"end":{"line":89,"column":24}},"61":{"start":{"line":96,"column":8},"end":{"line":96,"column":32}},"62":{"start":{"line":97,"column":8},"end":{"line":97,"column":46}},"63":{"start":{"line":98,"column":8},"end":{"line":98,"column":29}},"64":{"start":{"line":99,"column":8},"end":{"line":99,"column":32}},"65":{"start":{"line":100,"column":8},"end":{"line":100,"column":31}},"66":{"start":{"line":102,"column":8},"end":{"line":102,"column":34}},"67":{"start":{"line":103,"column":8},"end":{"line":103,"column":48}},"68":{"start":{"line":104,"column":8},"end":{"line":104,"column":31}},"69":{"start":{"line":105,"column":8},"end":{"line":105,"column":33}},"70":{"start":{"line":106,"column":8},"end":{"line":106,"column":32}},"71":{"start":{"line":108,"column":23},"end":{"line":108,"column":46}},"72":{"start":{"line":109,"column":30},"end":{"line":109,"column":60}},"73":{"start":{"line":110,"column":18},"end":{"line":110,"column":36}},"74":{"start":{"line":111,"column":19},"end":{"line":111,"column":38}},"75":{"start":{"line":112,"column":19},"end":{"line":112,"column":38}},"76":{"start":{"line":114,"column":28},"end":{"line":114,"column":70}},"77":{"start":{"line":115,"column":35},"end":{"line":115,"column":84}},"78":{"start":{"line":116,"column":23},"end":{"line":116,"column":54}},"79":{"start":{"line":117,"column":24},"end":{"line":117,"column":56}},"80":{"start":{"line":118,"column":24},"end":{"line":118,"column":56}},"81":{"start":{"line":125,"column":8},"end":{"line":125,"column":27}},"82":{"start":{"line":126,"column":8},"end":{"line":126,"column":25}},"83":{"start":{"line":127,"column":8},"end":{"line":127,"column":32}},"84":{"start":{"line":130,"column":17},"end":{"line":130,"column":34}},"85":{"start":{"line":131,"column":16},"end":{"line":131,"column":32}},"86":{"start":{"line":132,"column":20},"end":{"line":132,"column":40}},"87":{"start":{"line":135,"column":21},"end":{"line":135,"column":38}},"88":{"start":{"line":136,"column":22},"end":{"line":136,"column":40}},"89":{"start":{"line":137,"column":23},"end":{"line":137,"column":44}},"90":{"start":{"line":141,"column":29},"end":{"line":141,"column":100}},"91":{"start":{"line":143,"column":26},"end":{"line":143,"column":89}},"92":{"start":{"line":145,"column":29},"end":{"line":145,"column":105}},"93":{"start":{"line":148,"column":8},"end":{"line":148,"column":115}},"94":{"start":{"line":151,"column":21},"end":{"line":151,"column":92}},"95":{"start":{"line":153,"column":21},"end":{"line":153,"column":81}},"96":{"start":{"line":155,"column":29},"end":{"line":155,"column":94}},"97":{"start":{"line":157,"column":26},"end":{"line":157,"column":82}},"98":{"start":{"line":159,"column":28},"end":{"line":159,"column":123}},"99":{"start":{"line":166,"column":23},"end":{"line":166,"column":95}},"100":{"start":{"line":166,"column":66},"end":{"line":166,"column":94}},"101":{"start":{"line":167,"column":22},"end":{"line":167,"column":24}},"102":{"start":{"line":168,"column":18},"end":{"line":168,"column":19}},"103":{"start":{"line":169,"column":22},"end":{"line":169,"column":23}},"104":{"start":{"line":170,"column":8},"end":{"line":178,"column":9}},"105":{"start":{"line":170,"column":21},"end":{"line":170,"column":22}},"106":{"start":{"line":171,"column":12},"end":{"line":171,"column":35}},"107":{"start":{"line":172,"column":12},"end":{"line":172,"column":21}},"108":{"start":{"line":173,"column":12},"end":{"line":177,"column":13}},"109":{"start":{"line":174,"column":16},"end":{"line":174,"column":56}},"110":{"start":{"line":175,"column":16},"end":{"line":175,"column":24}},"111":{"start":{"line":176,"column":16},"end":{"line":176,"column":28}},"112":{"start":{"line":179,"column":8},"end":{"line":179,"column":22}},"113":{"start":{"line":189,"column":37},"end":{"line":189,"column":69}},"114":{"start":{"line":190,"column":26},"end":{"line":190,"column":53}},"115":{"start":{"line":191,"column":21},"end":{"line":191,"column":23}},"116":{"start":{"line":192,"column":8},"end":{"line":196,"column":9}},"117":{"start":{"line":192,"column":21},"end":{"line":192,"column":22}},"118":{"start":{"line":193,"column":24},"end":{"line":193,"column":46}},"119":{"start":{"line":194,"column":22},"end":{"line":194,"column":80}},"120":{"start":{"line":194,"column":57},"end":{"line":194,"column":62}},"121":{"start":{"line":195,"column":12},"end":{"line":195,"column":40}},"122":{"start":{"line":197,"column":8},"end":{"line":197,"column":21}},"123":{"start":{"line":207,"column":0},"end":{"line":207,"column":20}},"124":{"start":{"line":208,"column":0},"end":{"line":208,"column":22}},"125":{"start":{"line":209,"column":0},"end":{"line":209,"column":28}},"126":{"start":{"line":210,"column":0},"end":{"line":210,"column":28}}},"fnMap":{"0":{"name":"(anonymous_0)","decl":{"start":{"line":3,"column":4},"end":{"line":3,"column":5}},"loc":{"start":{"line":3,"column":38},"end":{"line":10,"column":5}},"line":3},"1":{"name":"(anonymous_1)","decl":{"start":{"line":15,"column":4},"end":{"line":15,"column":5}},"loc":{"start":{"line":15,"column":29},"end":{"line":25,"column":5}},"line":15},"2":{"name":"(anonymous_2)","decl":{"start":{"line":27,"column":4},"end":{"line":27,"column":5}},"loc":{"start":{"line":27,"column":19},"end":{"line":27,"column":40}},"line":27},"3":{"name":"(anonymous_3)","decl":{"start":{"line":28,"column":4},"end":{"line":28,"column":5}},"loc":{"start":{"line":28,"column":23},"end":{"line":28,"column":60}},"line":28},"4":{"name":"(anonymous_4)","decl":{"start":{"line":29,"column":4},"end":{"line":29,"column":5}},"loc":{"start":{"line":29,"column":20},"end":{"line":29,"column":54}},"line":29},"5":{"name":"(anonymous_5)","decl":{"start":{"line":30,"column":4},"end":{"line":30,"column":5}},"loc":{"start":{"line":30,"column":34},"end":{"line":30,"column":82}},"line":30},"6":{"name":"(anonymous_6)","decl":{"start":{"line":32,"column":4},"end":{"line":32,"column":5}},"loc":{"start":{"line":32,"column":14},"end":{"line":32,"column":34}},"line":32},"7":{"name":"(anonymous_7)","decl":{"start":{"line":33,"column":4},"end":{"line":33,"column":5}},"loc":{"start":{"line":33,"column":18},"end":{"line":33,"column":42}},"line":33},"8":{"name":"(anonymous_8)","decl":{"start":{"line":34,"column":4},"end":{"line":34,"column":5}},"loc":{"start":{"line":34,"column":15},"end":{"line":34,"column":36}},"line":34},"9":{"name":"(anonymous_9)","decl":{"start":{"line":35,"column":4},"end":{"line":35,"column":5}},"loc":{"start":{"line":35,"column":29},"end":{"line":35,"column":64}},"line":35},"10":{"name":"(anonymous_10)","decl":{"start":{"line":39,"column":4},"end":{"line":39,"column":5}},"loc":{"start":{"line":39,"column":25},"end":{"line":49,"column":5}},"line":39},"11":{"name":"(anonymous_11)","decl":{"start":{"line":50,"column":4},"end":{"line":50,"column":5}},"loc":{"start":{"line":50,"column":26},"end":{"line":50,"column":59}},"line":50},"12":{"name":"(anonymous_12)","decl":{"start":{"line":51,"column":4},"end":{"line":51,"column":5}},"loc":{"start":{"line":51,"column":22},"end":{"line":51,"column":51}},"line":51},"13":{"name":"(anonymous_13)","decl":{"start":{"line":52,"column":4},"end":{"line":52,"column":5}},"loc":{"start":{"line":52,"column":21},"end":{"line":52,"column":49}},"line":52},"14":{"name":"(anonymous_14)","decl":{"start":{"line":53,"column":4},"end":{"line":53,"column":5}},"loc":{"start":{"line":53,"column":22},"end":{"line":53,"column":51}},"line":53},"15":{"name":"(anonymous_15)","decl":{"start":{"line":54,"column":4},"end":{"line":54,"column":5}},"loc":{"start":{"line":54,"column":26},"end":{"line":54,"column":59}},"line":54},"16":{"name":"(anonymous_16)","decl":{"start":{"line":56,"column":4},"end":{"line":56,"column":5}},"loc":{"start":{"line":56,"column":31},"end":{"line":56,"column":77}},"line":56},"17":{"name":"(anonymous_17)","decl":{"start":{"line":57,"column":4},"end":{"line":57,"column":5}},"loc":{"start":{"line":57,"column":27},"end":{"line":57,"column":75}},"line":57},"18":{"name":"(anonymous_18)","decl":{"start":{"line":58,"column":4},"end":{"line":58,"column":5}},"loc":{"start":{"line":58,"column":26},"end":{"line":58,"column":65}},"line":58},"19":{"name":"(anonymous_19)","decl":{"start":{"line":59,"column":4},"end":{"line":59,"column":5}},"loc":{"start":{"line":59,"column":27},"end":{"line":59,"column":65}},"line":59},"20":{"name":"(anonymous_20)","decl":{"start":{"line":60,"column":4},"end":{"line":60,"column":5}},"loc":{"start":{"line":60,"column":31},"end":{"line":60,"column":65}},"line":60},"21":{"name":"(anonymous_21)","decl":{"start":{"line":63,"column":4},"end":{"line":63,"column":5}},"loc":{"start":{"line":63,"column":31},"end":{"line":63,"column":65}},"line":63},"22":{"name":"(anonymous_22)","decl":{"start":{"line":64,"column":4},"end":{"line":64,"column":5}},"loc":{"start":{"line":64,"column":23},"end":{"line":64,"column":58}},"line":64},"23":{"name":"(anonymous_23)","decl":{"start":{"line":65,"column":4},"end":{"line":65,"column":5}},"loc":{"start":{"line":65,"column":32},"end":{"line":70,"column":5}},"line":65},"24":{"name":"(anonymous_24)","decl":{"start":{"line":72,"column":4},"end":{"line":72,"column":5}},"loc":{"start":{"line":72,"column":18},"end":{"line":91,"column":5}},"line":72},"25":{"name":"(anonymous_25)","decl":{"start":{"line":95,"column":4},"end":{"line":95,"column":5}},"loc":{"start":{"line":95,"column":61},"end":{"line":107,"column":5}},"line":95},"26":{"name":"(anonymous_26)","decl":{"start":{"line":108,"column":4},"end":{"line":108,"column":5}},"loc":{"start":{"line":108,"column":21},"end":{"line":108,"column":48}},"line":108},"27":{"name":"(anonymous_27)","decl":{"start":{"line":109,"column":4},"end":{"line":109,"column":5}},"loc":{"start":{"line":109,"column":28},"end":{"line":109,"column":62}},"line":109},"28":{"name":"(anonymous_28)","decl":{"start":{"line":110,"column":4},"end":{"line":110,"column":5}},"loc":{"start":{"line":110,"column":16},"end":{"line":110,"column":38}},"line":110},"29":{"name":"(anonymous_29)","decl":{"start":{"line":111,"column":4},"end":{"line":111,"column":5}},"loc":{"start":{"line":111,"column":17},"end":{"line":111,"column":40}},"line":111},"30":{"name":"(anonymous_30)","decl":{"start":{"line":112,"column":4},"end":{"line":112,"column":5}},"loc":{"start":{"line":112,"column":17},"end":{"line":112,"column":40}},"line":112},"31":{"name":"(anonymous_31)","decl":{"start":{"line":114,"column":4},"end":{"line":114,"column":5}},"loc":{"start":{"line":114,"column":26},"end":{"line":114,"column":72}},"line":114},"32":{"name":"(anonymous_32)","decl":{"start":{"line":115,"column":4},"end":{"line":115,"column":5}},"loc":{"start":{"line":115,"column":33},"end":{"line":115,"column":86}},"line":115},"33":{"name":"(anonymous_33)","decl":{"start":{"line":116,"column":4},"end":{"line":116,"column":5}},"loc":{"start":{"line":116,"column":21},"end":{"line":116,"column":56}},"line":116},"34":{"name":"(anonymous_34)","decl":{"start":{"line":117,"column":4},"end":{"line":117,"column":5}},"loc":{"start":{"line":117,"column":22},"end":{"line":117,"column":58}},"line":117},"35":{"name":"(anonymous_35)","decl":{"start":{"line":118,"column":4},"end":{"line":118,"column":5}},"loc":{"start":{"line":118,"column":22},"end":{"line":118,"column":58}},"line":118},"36":{"name":"(anonymous_36)","decl":{"start":{"line":124,"column":4},"end":{"line":124,"column":5}},"loc":{"start":{"line":124,"column":39},"end":{"line":128,"column":5}},"line":124},"37":{"name":"(anonymous_37)","decl":{"start":{"line":130,"column":4},"end":{"line":130,"column":5}},"loc":{"start":{"line":130,"column":15},"end":{"line":130,"column":36}},"line":130},"38":{"name":"(anonymous_38)","decl":{"start":{"line":131,"column":4},"end":{"line":131,"column":5}},"loc":{"start":{"line":131,"column":14},"end":{"line":131,"column":34}},"line":131},"39":{"name":"(anonymous_39)","decl":{"start":{"line":132,"column":4},"end":{"line":132,"column":5}},"loc":{"start":{"line":132,"column":18},"end":{"line":132,"column":41}},"line":132},"40":{"name":"(anonymous_40)","decl":{"start":{"line":135,"column":4},"end":{"line":135,"column":5}},"loc":{"start":{"line":135,"column":19},"end":{"line":135,"column":40}},"line":135},"41":{"name":"(anonymous_41)","decl":{"start":{"line":136,"column":4},"end":{"line":136,"column":5}},"loc":{"start":{"line":136,"column":20},"end":{"line":136,"column":42}},"line":136},"42":{"name":"(anonymous_42)","decl":{"start":{"line":137,"column":4},"end":{"line":137,"column":5}},"loc":{"start":{"line":137,"column":22},"end":{"line":137,"column":45}},"line":137},"43":{"name":"(anonymous_43)","decl":{"start":{"line":141,"column":4},"end":{"line":141,"column":5}},"loc":{"start":{"line":141,"column":27},"end":{"line":141,"column":102}},"line":141},"44":{"name":"(anonymous_44)","decl":{"start":{"line":143,"column":4},"end":{"line":143,"column":5}},"loc":{"start":{"line":143,"column":24},"end":{"line":143,"column":91}},"line":143},"45":{"name":"(anonymous_45)","decl":{"start":{"line":145,"column":4},"end":{"line":145,"column":5}},"loc":{"start":{"line":145,"column":27},"end":{"line":145,"column":107}},"line":145},"46":{"name":"(anonymous_46)","decl":{"start":{"line":147,"column":4},"end":{"line":147,"column":5}},"loc":{"start":{"line":147,"column":36},"end":{"line":149,"column":5}},"line":147},"47":{"name":"(anonymous_47)","decl":{"start":{"line":151,"column":4},"end":{"line":151,"column":5}},"loc":{"start":{"line":151,"column":19},"end":{"line":151,"column":94}},"line":151},"48":{"name":"(anonymous_48)","decl":{"start":{"line":153,"column":4},"end":{"line":153,"column":5}},"loc":{"start":{"line":153,"column":19},"end":{"line":153,"column":83}},"line":153},"49":{"name":"(anonymous_49)","decl":{"start":{"line":155,"column":4},"end":{"line":155,"column":5}},"loc":{"start":{"line":155,"column":27},"end":{"line":155,"column":96}},"line":155},"50":{"name":"(anonymous_50)","decl":{"start":{"line":157,"column":4},"end":{"line":157,"column":5}},"loc":{"start":{"line":157,"column":24},"end":{"line":157,"column":84}},"line":157},"51":{"name":"(anonymous_51)","decl":{"start":{"line":159,"column":4},"end":{"line":159,"column":5}},"loc":{"start":{"line":159,"column":26},"end":{"line":159,"column":125}},"line":159},"52":{"name":"(anonymous_52)","decl":{"start":{"line":165,"column":4},"end":{"line":165,"column":5}},"loc":{"start":{"line":165,"column":32},"end":{"line":180,"column":5}},"line":165},"53":{"name":"(anonymous_53)","decl":{"start":{"line":166,"column":56},"end":{"line":166,"column":57}},"loc":{"start":{"line":166,"column":66},"end":{"line":166,"column":94}},"line":166},"54":{"name":"(anonymous_54)","decl":{"start":{"line":188,"column":4},"end":{"line":188,"column":5}},"loc":{"start":{"line":188,"column":35},"end":{"line":198,"column":5}},"line":188},"55":{"name":"(anonymous_55)","decl":{"start":{"line":194,"column":47},"end":{"line":194,"column":48}},"loc":{"start":{"line":194,"column":57},"end":{"line":194,"column":62}},"line":194}},"branchMap":{"0":{"loc":{"start":{"line":173,"column":12},"end":{"line":177,"column":13}},"type":"if","locations":[{"start":{"line":173,"column":12},"end":{"line":177,"column":13}},{"start":{"line":173,"column":12},"end":{"line":177,"column":13}}],"line":173}},"s":{"0":1,"1":652320,"2":652320,"3":652320,"4":652320,"5":652320,"6":652320,"7":3,"8":3,"9":3,"10":3,"11":3,"12":3,"13":3,"14":3,"15":3,"16":3,"17":3,"18":3,"19":2,"20":2,"21":15,"22":4,"23":3,"24":3,"25":3,"26":3,"27":3,"28":3,"29":3,"30":2,"31":2,"32":2,"33":0,"34":0,"35":3,"36":3,"37":3,"38":0,"39":0,"40":3628,"41":3628,"42":1815,"43":1815,"44":1815,"45":1815,"46":1812,"47":1812,"48":1812,"49":1812,"50":1812,"51":1812,"52":1812,"53":1812,"54":652320,"55":652320,"56":652320,"57":652320,"58":652320,"59":652320,"60":1812,"61":2,"62":2,"63":2,"64":2,"65":2,"66":2,"67":2,"68":2,"69":2,"70":2,"71":10,"72":4,"73":5,"74":4,"75":5,"76":2,"77":2,"78":2,"79":2,"80":2,"81":2,"82":2,"83":2,"84":17,"85":1815,"86":24,"87":1,"88":1,"89":1,"90":9,"91":4,"92":3,"93":2,"94":4,"95":3,"96":3,"97":2,"98":1,"99":5,"100":1800,"101":5,"102":5,"103":5,"104":5,"105":5,"106":1800,"107":1800,"108":1800,"109":150,"110":150,"111":150,"112":5,"113":2,"114":2,"115":2,"116":2,"117":2,"118":60,"119":60,"120":930,"121":60,"122":2,"123":1,"124":1,"125":1,"126":1},"f":{"0":652320,"1":3,"2":3,"3":3,"4":3,"5":3,"6":2,"7":2,"8":15,"9":4,"10":3,"11":2,"12":2,"13":2,"14":0,"15":0,"16":3,"17":3,"18":3,"19":0,"20":0,"21":3628,"22":3628,"23":1815,"24":1812,"25":2,"26":10,"27":4,"28":5,"29":4,"30":5,"31":2,"32":2,"33":2,"34":2,"35":2,"36":2,"37":17,"38":1815,"39":24,"40":1,"41":1,"42":1,"43":9,"44":4,"45":3,"46":2,"47":4,"48":3,"49":3,"50":2,"51":1,"52":5,"53":1800,"54":2,"55":930},"b":{"0":[150,1650]},"_coverageSchema":"1a1c01bbd47fc00a2c39e90264f33305004495a9","hash":"6b5d8dbead06708bf826f605d379b6dcee72a076"}
}
