{"/Users/exh4656/projects/real-estate-analyser/src/calculator.js": {"path":"/Users/exh4656/projects/real-estate-analyser/src/calculator.js","statementMap":{"0":{"start":{"line":1,"column":13},"end":{"line":1,"column":30}},"1":{"start":{"line":4,"column":8},"end":{"line":4,"column":23}},"2":{"start":{"line":5,"column":8},"end":{"line":5,"column":25}},"3":{"start":{"line":6,"column":8},"end":{"line":6,"column":29}},"4":{"start":{"line":7,"column":8},"end":{"line":7,"column":27}},"5":{"start":{"line":8,"column":8},"end":{"line":8,"column":25}},"6":{"start":{"line":9,"column":8},"end":{"line":9,"column":32}},"7":{"start":{"line":16,"column":8},"end":{"line":16,"column":18}},"8":{"start":{"line":17,"column":8},"end":{"line":17,"column":22}},"9":{"start":{"line":18,"column":8},"end":{"line":18,"column":19}},"10":{"start":{"line":19,"column":8},"end":{"line":19,"column":33}},"11":{"start":{"line":21,"column":8},"end":{"line":21,"column":24}},"12":{"start":{"line":22,"column":8},"end":{"line":22,"column":28}},"13":{"start":{"line":23,"column":8},"end":{"line":23,"column":25}},"14":{"start":{"line":24,"column":8},"end":{"line":24,"column":40}},"15":{"start":{"line":27,"column":21},"end":{"line":27,"column":38}},"16":{"start":{"line":28,"column":25},"end":{"line":28,"column":58}},"17":{"start":{"line":29,"column":22},"end":{"line":29,"column":52}},"18":{"start":{"line":30,"column":36},"end":{"line":30,"column":80}},"19":{"start":{"line":32,"column":16},"end":{"line":32,"column":32}},"20":{"start":{"line":33,"column":20},"end":{"line":33,"column":40}},"21":{"start":{"line":34,"column":17},"end":{"line":34,"column":34}},"22":{"start":{"line":35,"column":31},"end":{"line":35,"column":62}},"23":{"start":{"line":40,"column":8},"end":{"line":40,"column":26}},"24":{"start":{"line":41,"column":8},"end":{"line":41,"column":25}},"25":{"start":{"line":43,"column":8},"end":{"line":43,"column":26}},"26":{"start":{"line":45,"column":8},"end":{"line":45,"column":32}},"27":{"start":{"line":46,"column":8},"end":{"line":46,"column":30}},"28":{"start":{"line":48,"column":24},"end":{"line":48,"column":48}},"29":{"start":{"line":49,"column":23},"end":{"line":49,"column":46}},"30":{"start":{"line":50,"column":24},"end":{"line":50,"column":48}},"31":{"start":{"line":51,"column":28},"end":{"line":51,"column":56}},"32":{"start":{"line":53,"column":29},"end":{"line":53,"column":72}},"33":{"start":{"line":54,"column":28},"end":{"line":54,"column":62}},"34":{"start":{"line":55,"column":29},"end":{"line":55,"column":62}},"35":{"start":{"line":56,"column":33},"end":{"line":56,"column":62}},"36":{"start":{"line":61,"column":8},"end":{"line":61,"column":32}},"37":{"start":{"line":62,"column":8},"end":{"line":62,"column":46}},"38":{"start":{"line":63,"column":8},"end":{"line":63,"column":29}},"39":{"start":{"line":64,"column":8},"end":{"line":64,"column":32}},"40":{"start":{"line":65,"column":8},"end":{"line":65,"column":31}},"41":{"start":{"line":67,"column":8},"end":{"line":67,"column":34}},"42":{"start":{"line":68,"column":8},"end":{"line":68,"column":48}},"43":{"start":{"line":69,"column":8},"end":{"line":69,"column":31}},"44":{"start":{"line":70,"column":8},"end":{"line":70,"column":33}},"45":{"start":{"line":71,"column":8},"end":{"line":71,"column":32}},"46":{"start":{"line":73,"column":23},"end":{"line":73,"column":46}},"47":{"start":{"line":74,"column":30},"end":{"line":74,"column":60}},"48":{"start":{"line":75,"column":18},"end":{"line":75,"column":36}},"49":{"start":{"line":76,"column":19},"end":{"line":76,"column":38}},"50":{"start":{"line":77,"column":19},"end":{"line":77,"column":38}},"51":{"start":{"line":79,"column":28},"end":{"line":79,"column":70}},"52":{"start":{"line":80,"column":35},"end":{"line":80,"column":84}},"53":{"start":{"line":81,"column":23},"end":{"line":81,"column":54}},"54":{"start":{"line":82,"column":24},"end":{"line":82,"column":56}},"55":{"start":{"line":83,"column":24},"end":{"line":83,"column":56}},"56":{"start":{"line":90,"column":8},"end":{"line":90,"column":27}},"57":{"start":{"line":91,"column":8},"end":{"line":91,"column":25}},"58":{"start":{"line":92,"column":8},"end":{"line":92,"column":32}},"59":{"start":{"line":95,"column":17},"end":{"line":95,"column":34}},"60":{"start":{"line":96,"column":16},"end":{"line":96,"column":32}},"61":{"start":{"line":97,"column":20},"end":{"line":97,"column":40}},"62":{"start":{"line":100,"column":21},"end":{"line":100,"column":38}},"63":{"start":{"line":101,"column":22},"end":{"line":101,"column":40}},"64":{"start":{"line":102,"column":25},"end":{"line":102,"column":46}},"65":{"start":{"line":105,"column":39},"end":{"line":105,"column":83}},"66":{"start":{"line":106,"column":31},"end":{"line":106,"column":76}},"67":{"start":{"line":108,"column":16},"end":{"line":108,"column":45}},"68":{"start":{"line":109,"column":16},"end":{"line":109,"column":53}},"69":{"start":{"line":110,"column":18},"end":{"line":110,"column":36}},"70":{"start":{"line":111,"column":8},"end":{"line":111,"column":64}},"71":{"start":{"line":115,"column":31},"end":{"line":115,"column":68}},"72":{"start":{"line":116,"column":37},"end":{"line":116,"column":75}},"73":{"start":{"line":117,"column":28},"end":{"line":117,"column":57}},"74":{"start":{"line":118,"column":23},"end":{"line":118,"column":25}},"75":{"start":{"line":119,"column":22},"end":{"line":119,"column":46}},"76":{"start":{"line":120,"column":28},"end":{"line":120,"column":29}},"77":{"start":{"line":121,"column":8},"end":{"line":129,"column":9}},"78":{"start":{"line":121,"column":21},"end":{"line":121,"column":22}},"79":{"start":{"line":122,"column":27},"end":{"line":122,"column":50}},"80":{"start":{"line":123,"column":28},"end":{"line":123,"column":61}},"81":{"start":{"line":124,"column":12},"end":{"line":124,"column":42}},"82":{"start":{"line":125,"column":12},"end":{"line":125,"column":53}},"83":{"start":{"line":126,"column":22},"end":{"line":126,"column":164}},"84":{"start":{"line":127,"column":12},"end":{"line":127,"column":31}},"85":{"start":{"line":131,"column":8},"end":{"line":131,"column":24}},"86":{"start":{"line":136,"column":29},"end":{"line":136,"column":100}},"87":{"start":{"line":138,"column":26},"end":{"line":138,"column":89}},"88":{"start":{"line":140,"column":29},"end":{"line":140,"column":105}},"89":{"start":{"line":143,"column":8},"end":{"line":143,"column":115}},"90":{"start":{"line":146,"column":21},"end":{"line":146,"column":92}},"91":{"start":{"line":148,"column":21},"end":{"line":148,"column":81}},"92":{"start":{"line":150,"column":29},"end":{"line":150,"column":90}},"93":{"start":{"line":152,"column":26},"end":{"line":152,"column":82}},"94":{"start":{"line":154,"column":28},"end":{"line":154,"column":123}},"95":{"start":{"line":161,"column":23},"end":{"line":161,"column":91}},"96":{"start":{"line":161,"column":62},"end":{"line":161,"column":90}},"97":{"start":{"line":162,"column":22},"end":{"line":162,"column":24}},"98":{"start":{"line":163,"column":18},"end":{"line":163,"column":19}},"99":{"start":{"line":164,"column":22},"end":{"line":164,"column":23}},"100":{"start":{"line":165,"column":8},"end":{"line":173,"column":9}},"101":{"start":{"line":165,"column":21},"end":{"line":165,"column":22}},"102":{"start":{"line":166,"column":12},"end":{"line":166,"column":35}},"103":{"start":{"line":167,"column":12},"end":{"line":167,"column":21}},"104":{"start":{"line":168,"column":12},"end":{"line":172,"column":13}},"105":{"start":{"line":169,"column":16},"end":{"line":169,"column":56}},"106":{"start":{"line":170,"column":16},"end":{"line":170,"column":24}},"107":{"start":{"line":171,"column":16},"end":{"line":171,"column":28}},"108":{"start":{"line":174,"column":8},"end":{"line":174,"column":22}},"109":{"start":{"line":184,"column":37},"end":{"line":184,"column":69}},"110":{"start":{"line":185,"column":26},"end":{"line":185,"column":53}},"111":{"start":{"line":186,"column":21},"end":{"line":186,"column":23}},"112":{"start":{"line":187,"column":8},"end":{"line":191,"column":9}},"113":{"start":{"line":187,"column":21},"end":{"line":187,"column":22}},"114":{"start":{"line":188,"column":24},"end":{"line":188,"column":46}},"115":{"start":{"line":189,"column":22},"end":{"line":189,"column":80}},"116":{"start":{"line":189,"column":57},"end":{"line":189,"column":62}},"117":{"start":{"line":190,"column":12},"end":{"line":190,"column":40}},"118":{"start":{"line":192,"column":8},"end":{"line":192,"column":21}},"119":{"start":{"line":202,"column":0},"end":{"line":202,"column":20}},"120":{"start":{"line":203,"column":0},"end":{"line":203,"column":22}},"121":{"start":{"line":204,"column":0},"end":{"line":204,"column":28}},"122":{"start":{"line":205,"column":0},"end":{"line":205,"column":28}}},"fnMap":{"0":{"name":"(anonymous_0)","decl":{"start":{"line":3,"column":4},"end":{"line":3,"column":5}},"loc":{"start":{"line":3,"column":38},"end":{"line":10,"column":5}},"line":3},"1":{"name":"(anonymous_1)","decl":{"start":{"line":15,"column":4},"end":{"line":15,"column":5}},"loc":{"start":{"line":15,"column":29},"end":{"line":25,"column":5}},"line":15},"2":{"name":"(anonymous_2)","decl":{"start":{"line":27,"column":4},"end":{"line":27,"column":5}},"loc":{"start":{"line":27,"column":19},"end":{"line":27,"column":40}},"line":27},"3":{"name":"(anonymous_3)","decl":{"start":{"line":28,"column":4},"end":{"line":28,"column":5}},"loc":{"start":{"line":28,"column":23},"end":{"line":28,"column":60}},"line":28},"4":{"name":"(anonymous_4)","decl":{"start":{"line":29,"column":4},"end":{"line":29,"column":5}},"loc":{"start":{"line":29,"column":20},"end":{"line":29,"column":54}},"line":29},"5":{"name":"(anonymous_5)","decl":{"start":{"line":30,"column":4},"end":{"line":30,"column":5}},"loc":{"start":{"line":30,"column":34},"end":{"line":30,"column":82}},"line":30},"6":{"name":"(anonymous_6)","decl":{"start":{"line":32,"column":4},"end":{"line":32,"column":5}},"loc":{"start":{"line":32,"column":14},"end":{"line":32,"column":34}},"line":32},"7":{"name":"(anonymous_7)","decl":{"start":{"line":33,"column":4},"end":{"line":33,"column":5}},"loc":{"start":{"line":33,"column":18},"end":{"line":33,"column":42}},"line":33},"8":{"name":"(anonymous_8)","decl":{"start":{"line":34,"column":4},"end":{"line":34,"column":5}},"loc":{"start":{"line":34,"column":15},"end":{"line":34,"column":36}},"line":34},"9":{"name":"(anonymous_9)","decl":{"start":{"line":35,"column":4},"end":{"line":35,"column":5}},"loc":{"start":{"line":35,"column":29},"end":{"line":35,"column":64}},"line":35},"10":{"name":"(anonymous_10)","decl":{"start":{"line":39,"column":4},"end":{"line":39,"column":5}},"loc":{"start":{"line":39,"column":22},"end":{"line":47,"column":5}},"line":39},"11":{"name":"(anonymous_11)","decl":{"start":{"line":48,"column":4},"end":{"line":48,"column":5}},"loc":{"start":{"line":48,"column":22},"end":{"line":48,"column":50}},"line":48},"12":{"name":"(anonymous_12)","decl":{"start":{"line":49,"column":4},"end":{"line":49,"column":5}},"loc":{"start":{"line":49,"column":21},"end":{"line":49,"column":48}},"line":49},"13":{"name":"(anonymous_13)","decl":{"start":{"line":50,"column":4},"end":{"line":50,"column":5}},"loc":{"start":{"line":50,"column":22},"end":{"line":50,"column":50}},"line":50},"14":{"name":"(anonymous_14)","decl":{"start":{"line":51,"column":4},"end":{"line":51,"column":5}},"loc":{"start":{"line":51,"column":26},"end":{"line":51,"column":58}},"line":51},"15":{"name":"(anonymous_15)","decl":{"start":{"line":53,"column":4},"end":{"line":53,"column":5}},"loc":{"start":{"line":53,"column":27},"end":{"line":53,"column":74}},"line":53},"16":{"name":"(anonymous_16)","decl":{"start":{"line":54,"column":4},"end":{"line":54,"column":5}},"loc":{"start":{"line":54,"column":26},"end":{"line":54,"column":64}},"line":54},"17":{"name":"(anonymous_17)","decl":{"start":{"line":55,"column":4},"end":{"line":55,"column":5}},"loc":{"start":{"line":55,"column":27},"end":{"line":55,"column":64}},"line":55},"18":{"name":"(anonymous_18)","decl":{"start":{"line":56,"column":4},"end":{"line":56,"column":5}},"loc":{"start":{"line":56,"column":31},"end":{"line":56,"column":64}},"line":56},"19":{"name":"(anonymous_19)","decl":{"start":{"line":60,"column":4},"end":{"line":60,"column":5}},"loc":{"start":{"line":60,"column":61},"end":{"line":72,"column":5}},"line":60},"20":{"name":"(anonymous_20)","decl":{"start":{"line":73,"column":4},"end":{"line":73,"column":5}},"loc":{"start":{"line":73,"column":21},"end":{"line":73,"column":48}},"line":73},"21":{"name":"(anonymous_21)","decl":{"start":{"line":74,"column":4},"end":{"line":74,"column":5}},"loc":{"start":{"line":74,"column":28},"end":{"line":74,"column":62}},"line":74},"22":{"name":"(anonymous_22)","decl":{"start":{"line":75,"column":4},"end":{"line":75,"column":5}},"loc":{"start":{"line":75,"column":16},"end":{"line":75,"column":38}},"line":75},"23":{"name":"(anonymous_23)","decl":{"start":{"line":76,"column":4},"end":{"line":76,"column":5}},"loc":{"start":{"line":76,"column":17},"end":{"line":76,"column":40}},"line":76},"24":{"name":"(anonymous_24)","decl":{"start":{"line":77,"column":4},"end":{"line":77,"column":5}},"loc":{"start":{"line":77,"column":17},"end":{"line":77,"column":40}},"line":77},"25":{"name":"(anonymous_25)","decl":{"start":{"line":79,"column":4},"end":{"line":79,"column":5}},"loc":{"start":{"line":79,"column":26},"end":{"line":79,"column":72}},"line":79},"26":{"name":"(anonymous_26)","decl":{"start":{"line":80,"column":4},"end":{"line":80,"column":5}},"loc":{"start":{"line":80,"column":33},"end":{"line":80,"column":86}},"line":80},"27":{"name":"(anonymous_27)","decl":{"start":{"line":81,"column":4},"end":{"line":81,"column":5}},"loc":{"start":{"line":81,"column":21},"end":{"line":81,"column":56}},"line":81},"28":{"name":"(anonymous_28)","decl":{"start":{"line":82,"column":4},"end":{"line":82,"column":5}},"loc":{"start":{"line":82,"column":22},"end":{"line":82,"column":58}},"line":82},"29":{"name":"(anonymous_29)","decl":{"start":{"line":83,"column":4},"end":{"line":83,"column":5}},"loc":{"start":{"line":83,"column":22},"end":{"line":83,"column":58}},"line":83},"30":{"name":"(anonymous_30)","decl":{"start":{"line":89,"column":4},"end":{"line":89,"column":5}},"loc":{"start":{"line":89,"column":39},"end":{"line":93,"column":5}},"line":89},"31":{"name":"(anonymous_31)","decl":{"start":{"line":95,"column":4},"end":{"line":95,"column":5}},"loc":{"start":{"line":95,"column":15},"end":{"line":95,"column":36}},"line":95},"32":{"name":"(anonymous_32)","decl":{"start":{"line":96,"column":4},"end":{"line":96,"column":5}},"loc":{"start":{"line":96,"column":14},"end":{"line":96,"column":34}},"line":96},"33":{"name":"(anonymous_33)","decl":{"start":{"line":97,"column":4},"end":{"line":97,"column":5}},"loc":{"start":{"line":97,"column":18},"end":{"line":97,"column":41}},"line":97},"34":{"name":"(anonymous_34)","decl":{"start":{"line":100,"column":4},"end":{"line":100,"column":5}},"loc":{"start":{"line":100,"column":19},"end":{"line":100,"column":40}},"line":100},"35":{"name":"(anonymous_35)","decl":{"start":{"line":101,"column":4},"end":{"line":101,"column":5}},"loc":{"start":{"line":101,"column":20},"end":{"line":101,"column":42}},"line":101},"36":{"name":"(anonymous_36)","decl":{"start":{"line":102,"column":4},"end":{"line":102,"column":5}},"loc":{"start":{"line":102,"column":23},"end":{"line":102,"column":48}},"line":102},"37":{"name":"(anonymous_37)","decl":{"start":{"line":105,"column":4},"end":{"line":105,"column":5}},"loc":{"start":{"line":105,"column":37},"end":{"line":105,"column":85}},"line":105},"38":{"name":"(anonymous_38)","decl":{"start":{"line":106,"column":4},"end":{"line":106,"column":5}},"loc":{"start":{"line":106,"column":29},"end":{"line":106,"column":78}},"line":106},"39":{"name":"(anonymous_39)","decl":{"start":{"line":107,"column":4},"end":{"line":107,"column":5}},"loc":{"start":{"line":107,"column":38},"end":{"line":112,"column":5}},"line":107},"40":{"name":"(anonymous_40)","decl":{"start":{"line":114,"column":4},"end":{"line":114,"column":5}},"loc":{"start":{"line":114,"column":24},"end":{"line":133,"column":5}},"line":114},"41":{"name":"(anonymous_41)","decl":{"start":{"line":136,"column":4},"end":{"line":136,"column":5}},"loc":{"start":{"line":136,"column":27},"end":{"line":136,"column":102}},"line":136},"42":{"name":"(anonymous_42)","decl":{"start":{"line":138,"column":4},"end":{"line":138,"column":5}},"loc":{"start":{"line":138,"column":24},"end":{"line":138,"column":91}},"line":138},"43":{"name":"(anonymous_43)","decl":{"start":{"line":140,"column":4},"end":{"line":140,"column":5}},"loc":{"start":{"line":140,"column":27},"end":{"line":140,"column":107}},"line":140},"44":{"name":"(anonymous_44)","decl":{"start":{"line":142,"column":4},"end":{"line":142,"column":5}},"loc":{"start":{"line":142,"column":36},"end":{"line":144,"column":5}},"line":142},"45":{"name":"(anonymous_45)","decl":{"start":{"line":146,"column":4},"end":{"line":146,"column":5}},"loc":{"start":{"line":146,"column":19},"end":{"line":146,"column":94}},"line":146},"46":{"name":"(anonymous_46)","decl":{"start":{"line":148,"column":4},"end":{"line":148,"column":5}},"loc":{"start":{"line":148,"column":19},"end":{"line":148,"column":83}},"line":148},"47":{"name":"(anonymous_47)","decl":{"start":{"line":150,"column":4},"end":{"line":150,"column":5}},"loc":{"start":{"line":150,"column":27},"end":{"line":150,"column":92}},"line":150},"48":{"name":"(anonymous_48)","decl":{"start":{"line":152,"column":4},"end":{"line":152,"column":5}},"loc":{"start":{"line":152,"column":24},"end":{"line":152,"column":84}},"line":152},"49":{"name":"(anonymous_49)","decl":{"start":{"line":154,"column":4},"end":{"line":154,"column":5}},"loc":{"start":{"line":154,"column":26},"end":{"line":154,"column":125}},"line":154},"50":{"name":"(anonymous_50)","decl":{"start":{"line":160,"column":4},"end":{"line":160,"column":5}},"loc":{"start":{"line":160,"column":32},"end":{"line":175,"column":5}},"line":160},"51":{"name":"(anonymous_51)","decl":{"start":{"line":161,"column":52},"end":{"line":161,"column":53}},"loc":{"start":{"line":161,"column":62},"end":{"line":161,"column":90}},"line":161},"52":{"name":"(anonymous_52)","decl":{"start":{"line":183,"column":4},"end":{"line":183,"column":5}},"loc":{"start":{"line":183,"column":35},"end":{"line":193,"column":5}},"line":183},"53":{"name":"(anonymous_53)","decl":{"start":{"line":189,"column":47},"end":{"line":189,"column":48}},"loc":{"start":{"line":189,"column":57},"end":{"line":189,"column":62}},"line":189}},"branchMap":{"0":{"loc":{"start":{"line":168,"column":12},"end":{"line":172,"column":13}},"type":"if","locations":[{"start":{"line":168,"column":12},"end":{"line":172,"column":13}},{"start":{"line":168,"column":12},"end":{"line":172,"column":13}}],"line":168}},"s":{"0":1,"1":652320,"2":652320,"3":652320,"4":652320,"5":652320,"6":652320,"7":3,"8":3,"9":3,"10":3,"11":3,"12":3,"13":3,"14":3,"15":3,"16":3,"17":3,"18":3,"19":2,"20":2,"21":7269,"22":4,"23":3,"24":3,"25":3,"26":3,"27":3,"28":3630,"29":3630,"30":0,"31":0,"32":3,"33":3,"34":0,"35":0,"36":2,"37":2,"38":2,"39":2,"40":2,"41":2,"42":2,"43":2,"44":2,"45":2,"46":3637,"47":4,"48":5,"49":4,"50":5,"51":2,"52":2,"53":2,"54":2,"55":2,"56":2,"57":2,"58":2,"59":7271,"60":7258,"61":3651,"62":1,"63":1,"64":1,"65":3628,"66":3628,"67":1815,"68":1815,"69":1815,"70":1815,"71":1812,"72":1812,"73":1812,"74":1812,"75":1812,"76":1812,"77":1812,"78":1812,"79":652320,"80":652320,"81":652320,"82":652320,"83":652320,"84":652320,"85":1812,"86":3636,"87":3631,"88":3,"89":2,"90":4,"91":3,"92":3,"93":2,"94":1,"95":5,"96":1800,"97":5,"98":5,"99":5,"100":5,"101":5,"102":1800,"103":1800,"104":1800,"105":150,"106":150,"107":150,"108":5,"109":2,"110":2,"111":2,"112":2,"113":2,"114":60,"115":60,"116":930,"117":60,"118":2,"119":1,"120":1,"121":1,"122":1},"f":{"0":652320,"1":3,"2":3,"3":3,"4":3,"5":3,"6":2,"7":2,"8":7269,"9":4,"10":3,"11":3630,"12":3630,"13":0,"14":0,"15":3,"16":3,"17":0,"18":0,"19":2,"20":3637,"21":4,"22":5,"23":4,"24":5,"25":2,"26":2,"27":2,"28":2,"29":2,"30":2,"31":7271,"32":7258,"33":3651,"34":1,"35":1,"36":1,"37":3628,"38":3628,"39":1815,"40":1812,"41":3636,"42":3631,"43":3,"44":2,"45":4,"46":3,"47":3,"48":2,"49":1,"50":5,"51":1800,"52":2,"53":930},"b":{"0":[150,1650]},"_coverageSchema":"1a1c01bbd47fc00a2c39e90264f33305004495a9","hash":"5dbeb3913f8fca2d03e60be975566fc82c1dd525"}
}
