TN:
SF:src/calculator.js
FN:3,(anonymous_0)
FN:15,(anonymous_1)
FN:27,(anonymous_2)
FN:28,(anonymous_3)
FN:29,(anonymous_4)
FN:30,(anonymous_5)
FN:32,(anonymous_6)
FN:33,(anonymous_7)
FN:34,(anonymous_8)
FN:35,(anonymous_9)
FN:39,(anonymous_10)
FN:48,(anonymous_11)
FN:49,(anonymous_12)
FN:50,(anonymous_13)
FN:51,(anonymous_14)
FN:53,(anonymous_15)
FN:54,(anonymous_16)
FN:55,(anonymous_17)
FN:56,(anonymous_18)
FN:60,(anonymous_19)
FN:73,(anonymous_20)
FN:74,(anonymous_21)
FN:75,(anonymous_22)
FN:76,(anonymous_23)
FN:77,(anonymous_24)
FN:79,(anonymous_25)
FN:80,(anonymous_26)
FN:81,(anonymous_27)
FN:82,(anonymous_28)
FN:83,(anonymous_29)
FN:89,(anonymous_30)
FN:95,(anonymous_31)
FN:96,(anonymous_32)
FN:97,(anonymous_33)
FN:100,(anonymous_34)
FN:101,(anonymous_35)
FN:102,(anonymous_36)
FN:105,(anonymous_37)
FN:106,(anonymous_38)
FN:107,(anonymous_39)
FN:114,(anonymous_40)
FN:136,(anonymous_41)
FN:138,(anonymous_42)
FN:140,(anonymous_43)
FN:142,(anonymous_44)
FN:146,(anonymous_45)
FN:148,(anonymous_46)
FN:150,(anonymous_47)
FN:152,(anonymous_48)
FN:154,(anonymous_49)
FN:160,(anonymous_50)
FN:161,(anonymous_51)
FN:183,(anonymous_52)
FN:189,(anonymous_53)
FNF:54
FNH:50
FNDA:652320,(anonymous_0)
FNDA:3,(anonymous_1)
FNDA:3,(anonymous_2)
FNDA:3,(anonymous_3)
FNDA:3,(anonymous_4)
FNDA:3,(anonymous_5)
FNDA:2,(anonymous_6)
FNDA:2,(anonymous_7)
FNDA:7269,(anonymous_8)
FNDA:4,(anonymous_9)
FNDA:3,(anonymous_10)
FNDA:3630,(anonymous_11)
FNDA:3630,(anonymous_12)
FNDA:0,(anonymous_13)
FNDA:0,(anonymous_14)
FNDA:3,(anonymous_15)
FNDA:3,(anonymous_16)
FNDA:0,(anonymous_17)
FNDA:0,(anonymous_18)
FNDA:2,(anonymous_19)
FNDA:3637,(anonymous_20)
FNDA:4,(anonymous_21)
FNDA:5,(anonymous_22)
FNDA:4,(anonymous_23)
FNDA:5,(anonymous_24)
FNDA:2,(anonymous_25)
FNDA:2,(anonymous_26)
FNDA:2,(anonymous_27)
FNDA:2,(anonymous_28)
FNDA:2,(anonymous_29)
FNDA:2,(anonymous_30)
FNDA:7271,(anonymous_31)
FNDA:7258,(anonymous_32)
FNDA:3651,(anonymous_33)
FNDA:1,(anonymous_34)
FNDA:1,(anonymous_35)
FNDA:1,(anonymous_36)
FNDA:3628,(anonymous_37)
FNDA:3628,(anonymous_38)
FNDA:1815,(anonymous_39)
FNDA:1812,(anonymous_40)
FNDA:3636,(anonymous_41)
FNDA:3631,(anonymous_42)
FNDA:3,(anonymous_43)
FNDA:2,(anonymous_44)
FNDA:4,(anonymous_45)
FNDA:3,(anonymous_46)
FNDA:3,(anonymous_47)
FNDA:2,(anonymous_48)
FNDA:1,(anonymous_49)
FNDA:5,(anonymous_50)
FNDA:1800,(anonymous_51)
FNDA:2,(anonymous_52)
FNDA:930,(anonymous_53)
DA:1,1
DA:4,652320
DA:5,652320
DA:6,652320
DA:7,652320
DA:8,652320
DA:9,652320
DA:16,3
DA:17,3
DA:18,3
DA:19,3
DA:21,3
DA:22,3
DA:23,3
DA:24,3
DA:27,3
DA:28,3
DA:29,3
DA:30,3
DA:32,2
DA:33,2
DA:34,7269
DA:35,4
DA:40,3
DA:41,3
DA:43,3
DA:45,3
DA:46,3
DA:48,3630
DA:49,3630
DA:50,0
DA:51,0
DA:53,3
DA:54,3
DA:55,0
DA:56,0
DA:61,2
DA:62,2
DA:63,2
DA:64,2
DA:65,2
DA:67,2
DA:68,2
DA:69,2
DA:70,2
DA:71,2
DA:73,3637
DA:74,4
DA:75,5
DA:76,4
DA:77,5
DA:79,2
DA:80,2
DA:81,2
DA:82,2
DA:83,2
DA:90,2
DA:91,2
DA:92,2
DA:95,7271
DA:96,7258
DA:97,3651
DA:100,1
DA:101,1
DA:102,1
DA:105,3628
DA:106,3628
DA:108,1815
DA:109,1815
DA:110,1815
DA:111,1815
DA:115,1812
DA:116,1812
DA:117,1812
DA:118,1812
DA:119,1812
DA:120,1812
DA:121,1812
DA:122,652320
DA:123,652320
DA:124,652320
DA:125,652320
DA:126,652320
DA:127,652320
DA:131,1812
DA:136,3636
DA:138,3631
DA:140,3
DA:143,2
DA:146,4
DA:148,3
DA:150,3
DA:152,2
DA:154,1
DA:161,1800
DA:162,5
DA:163,5
DA:164,5
DA:165,5
DA:166,1800
DA:167,1800
DA:168,1800
DA:169,150
DA:170,150
DA:171,150
DA:174,5
DA:184,2
DA:185,2
DA:186,2
DA:187,2
DA:188,60
DA:189,930
DA:190,60
DA:192,2
DA:202,1
DA:203,1
DA:204,1
DA:205,1
LF:118
LH:114
BRDA:168,0,0,150
BRDA:168,0,1,1650
BRF:2
BRH:2
end_of_record
