TN:
SF:src/calculator.js
FN:3,(anonymous_0)
FN:15,(anonymous_1)
FN:27,(anonymous_2)
FN:28,(anonymous_3)
FN:29,(anonymous_4)
FN:30,(anonymous_5)
FN:32,(anonymous_6)
FN:33,(anonymous_7)
FN:34,(anonymous_8)
FN:35,(anonymous_9)
FN:39,(anonymous_10)
FN:50,(anonymous_11)
FN:51,(anonymous_12)
FN:52,(anonymous_13)
FN:53,(anonymous_14)
FN:54,(anonymous_15)
FN:56,(anonymous_16)
FN:57,(anonymous_17)
FN:58,(anonymous_18)
FN:59,(anonymous_19)
FN:60,(anonymous_20)
FN:63,(anonymous_21)
FN:64,(anonymous_22)
FN:65,(anonymous_23)
FN:72,(anonymous_24)
FN:95,(anonymous_25)
FN:108,(anonymous_26)
FN:109,(anonymous_27)
FN:110,(anonymous_28)
FN:111,(anonymous_29)
FN:112,(anonymous_30)
FN:114,(anonymous_31)
FN:115,(anonymous_32)
FN:116,(anonymous_33)
FN:117,(anonymous_34)
FN:118,(anonymous_35)
FN:124,(anonymous_36)
FN:130,(anonymous_37)
FN:131,(anonymous_38)
FN:132,(anonymous_39)
FN:135,(anonymous_40)
FN:136,(anonymous_41)
FN:137,(anonymous_42)
FN:141,(anonymous_43)
FN:143,(anonymous_44)
FN:145,(anonymous_45)
FN:147,(anonymous_46)
FN:151,(anonymous_47)
FN:153,(anonymous_48)
FN:155,(anonymous_49)
FN:157,(anonymous_50)
FN:159,(anonymous_51)
FN:165,(anonymous_52)
FN:166,(anonymous_53)
FN:188,(anonymous_54)
FN:194,(anonymous_55)
FNF:56
FNH:52
FNDA:652320,(anonymous_0)
FNDA:3,(anonymous_1)
FNDA:3,(anonymous_2)
FNDA:3,(anonymous_3)
FNDA:3,(anonymous_4)
FNDA:3,(anonymous_5)
FNDA:2,(anonymous_6)
FNDA:2,(anonymous_7)
FNDA:15,(anonymous_8)
FNDA:4,(anonymous_9)
FNDA:3,(anonymous_10)
FNDA:2,(anonymous_11)
FNDA:2,(anonymous_12)
FNDA:2,(anonymous_13)
FNDA:0,(anonymous_14)
FNDA:0,(anonymous_15)
FNDA:3,(anonymous_16)
FNDA:3,(anonymous_17)
FNDA:3,(anonymous_18)
FNDA:0,(anonymous_19)
FNDA:0,(anonymous_20)
FNDA:3628,(anonymous_21)
FNDA:3628,(anonymous_22)
FNDA:1815,(anonymous_23)
FNDA:1812,(anonymous_24)
FNDA:2,(anonymous_25)
FNDA:10,(anonymous_26)
FNDA:4,(anonymous_27)
FNDA:5,(anonymous_28)
FNDA:4,(anonymous_29)
FNDA:5,(anonymous_30)
FNDA:2,(anonymous_31)
FNDA:2,(anonymous_32)
FNDA:2,(anonymous_33)
FNDA:2,(anonymous_34)
FNDA:2,(anonymous_35)
FNDA:2,(anonymous_36)
FNDA:17,(anonymous_37)
FNDA:1815,(anonymous_38)
FNDA:24,(anonymous_39)
FNDA:1,(anonymous_40)
FNDA:1,(anonymous_41)
FNDA:1,(anonymous_42)
FNDA:9,(anonymous_43)
FNDA:4,(anonymous_44)
FNDA:3,(anonymous_45)
FNDA:2,(anonymous_46)
FNDA:4,(anonymous_47)
FNDA:3,(anonymous_48)
FNDA:3,(anonymous_49)
FNDA:2,(anonymous_50)
FNDA:1,(anonymous_51)
FNDA:5,(anonymous_52)
FNDA:1800,(anonymous_53)
FNDA:2,(anonymous_54)
FNDA:930,(anonymous_55)
DA:1,1
DA:4,652320
DA:5,652320
DA:6,652320
DA:7,652320
DA:8,652320
DA:9,652320
DA:16,3
DA:17,3
DA:18,3
DA:19,3
DA:21,3
DA:22,3
DA:23,3
DA:24,3
DA:27,3
DA:28,3
DA:29,3
DA:30,3
DA:32,2
DA:33,2
DA:34,15
DA:35,4
DA:40,3
DA:41,3
DA:42,3
DA:44,3
DA:46,3
DA:47,3
DA:48,3
DA:50,2
DA:51,2
DA:52,2
DA:53,0
DA:54,0
DA:56,3
DA:57,3
DA:58,3
DA:59,0
DA:60,0
DA:63,3628
DA:64,3628
DA:66,1815
DA:67,1815
DA:68,1815
DA:69,1815
DA:73,1812
DA:74,1812
DA:75,1812
DA:76,1812
DA:77,1812
DA:78,1812
DA:79,1812
DA:80,652320
DA:81,652320
DA:82,652320
DA:83,652320
DA:84,652320
DA:85,652320
DA:89,1812
DA:96,2
DA:97,2
DA:98,2
DA:99,2
DA:100,2
DA:102,2
DA:103,2
DA:104,2
DA:105,2
DA:106,2
DA:108,10
DA:109,4
DA:110,5
DA:111,4
DA:112,5
DA:114,2
DA:115,2
DA:116,2
DA:117,2
DA:118,2
DA:125,2
DA:126,2
DA:127,2
DA:130,17
DA:131,1815
DA:132,24
DA:135,1
DA:136,1
DA:137,1
DA:141,9
DA:143,4
DA:145,3
DA:148,2
DA:151,4
DA:153,3
DA:155,3
DA:157,2
DA:159,1
DA:166,1800
DA:167,5
DA:168,5
DA:169,5
DA:170,5
DA:171,1800
DA:172,1800
DA:173,1800
DA:174,150
DA:175,150
DA:176,150
DA:179,5
DA:189,2
DA:190,2
DA:191,2
DA:192,2
DA:193,60
DA:194,930
DA:195,60
DA:197,2
DA:207,1
DA:208,1
DA:209,1
DA:210,1
LF:122
LH:118
BRDA:173,0,0,150
BRDA:173,0,1,1650
BRF:2
BRH:2
end_of_record
